<?xml version="1.0" encoding="UTF-8"?>
<testsuite xmlns:xsi="http://www.w3.org/2001/XMLSchema-instance" xsi:noNamespaceSchemaLocation="https://maven.apache.org/surefire/maven-surefire-plugin/xsd/surefire-test-report.xsd" version="3.0.2" name="de.kunzit.keycloak.authentication.authenticators.TokenAuthenticatorTest" time="1.774" tests="12" errors="0" skipped="0" failures="0" flakes="0">
  <properties>
[...]
</properties>
  <testcase name="shouldRejectTokenWithWrongAudience" classname="de.kunzit.keycloak.authentication.authenticators.TokenAuthenticatorTest" time="0.786"/>
  <testcase name="shouldAttemptWhenClientIsPublic" classname="de.kunzit.keycloak.authentication.authenticators.TokenAuthenticatorTest" time="0.087">
    <system-out><![CDATA[4766 [main] &amp#27;[33mWARN &amp#27;[m de.kunzit.keycloak.authentication.authenticators.TokenAuthenticator - !!! TokenAuthenticator” is only permitted for confidential clients – execution skipped !!!

]]></system-out>
  </testcase>
  <testcase name="shouldRejectIdTokenWithInvalidSignature" classname="de.kunzit.keycloak.authentication.authenticators.TokenAuthenticatorTest" time="0.292"/>
  <testcase name="shouldNotAttemptAgainWhenFlowAlreadySucceeded" classname="de.kunzit.keycloak.authentication.authenticators.TokenAuthenticatorTest" time="0.004"/>
  <testcase name="shouldValidateUserRulesViaPrivateMethod" classname="de.kunzit.keycloak.authentication.authenticators.TokenAuthenticatorTest" time="0.002"/>
  <testcase name="shouldRejectTokenWithWrongType" classname="de.kunzit.keycloak.authentication.authenticators.TokenAuthenticatorTest" time="0.291"/>
  <testcase name="shouldAttemptWhenNoTokenWasProvided" classname="de.kunzit.keycloak.authentication.authenticators.TokenAuthenticatorTest" time="0.003"/>
  <testcase name="shouldRejectInactiveToken" classname="de.kunzit.keycloak.authentication.authenticators.TokenAuthenticatorTest" time="0.066"/>
  <testcase name="shouldExposeAuthenticatorContractDefaults" classname="de.kunzit.keycloak.authentication.authenticators.TokenAuthenticatorTest" time="0.002"/>
  <testcase name="shouldRejectTokenWithWrongIssuedFor" classname="de.kunzit.keycloak.authentication.authenticators.TokenAuthenticatorTest" time="0.072"/>
  <testcase name="shouldAcceptIdTokenWithValidSignature" classname="de.kunzit.keycloak.authentication.authenticators.TokenAuthenticatorTest" time="0.129"/>
  <testcase name="shouldRejectTokenWithWrongIssuer" classname="de.kunzit.keycloak.authentication.authenticators.TokenAuthenticatorTest" time="0.03"/>
</testsuite>