<?xml version="1.0" encoding="UTF-8"?>
<testsuite xmlns:xsi="http://www.w3.org/2001/XMLSchema-instance" xsi:noNamespaceSchemaLocation="https://maven.apache.org/surefire/maven-surefire-plugin/xsd/surefire-test-report.xsd" version="3.0.2" name="de.kunzit.keycloak.authentication.authenticators.ContextHelperTest" time="0.34" tests="15" errors="0" skipped="0" failures="0">
  <properties>
[...]
</properties>
  <testcase name="shouldReturnNullIfSessionNotExists" classname="de.kunzit.keycloak.authentication.authenticators.ContextHelperTest" time="0.241"/>
  <testcase name="shouldBuildTokenVerifierChecksWithOptionalChecksWhenConfigured" classname="de.kunzit.keycloak.authentication.authenticators.ContextHelperTest" time="0.01"/>
  <testcase name="shouldDenyAccessTokenWhenItIsNotAllowed" classname="de.kunzit.keycloak.authentication.authenticators.ContextHelperTest" time="0.005"/>
  <testcase name="shouldReportUserLockStatusFromBruteForceProtector" classname="de.kunzit.keycloak.authentication.authenticators.ContextHelperTest" time="0.023"/>
  <testcase name="shouldReturnFalseForLockWhenProtectionDisabled" classname="de.kunzit.keycloak.authentication.authenticators.ContextHelperTest" time="0.005"/>
  <testcase name="shouldReturnConfiguredValuesAndRawToken" classname="de.kunzit.keycloak.authentication.authenticators.ContextHelperTest" time="0.005"/>
  <testcase name="shouldReturnNullIfOfflineSessionNotExists" classname="de.kunzit.keycloak.authentication.authenticators.ContextHelperTest" time="0.005"/>
  <testcase name="shouldReturnNullIfOfflineSessionExistsButNotAllowed" classname="de.kunzit.keycloak.authentication.authenticators.ContextHelperTest" time="0.004"/>
  <testcase name="shouldAcceptAccessTokenWhenItIsAllowed" classname="de.kunzit.keycloak.authentication.authenticators.ContextHelperTest" time="0.004"/>
  <testcase name="shouldGetUserBySessionIdOffline" classname="de.kunzit.keycloak.authentication.authenticators.ContextHelperTest" time="0.006"/>
  <testcase name="shouldResolveExpectedIssuerFromRealmAndAuthServerUrl" classname="de.kunzit.keycloak.authentication.authenticators.ContextHelperTest" time="0.004"/>
  <testcase name="shouldSkipOptionalChecksWhenAudienceAndIssuedForAreMissing" classname="de.kunzit.keycloak.authentication.authenticators.ContextHelperTest" time="0.004"/>
  <testcase name="shouldGetUserBySessionId" classname="de.kunzit.keycloak.authentication.authenticators.ContextHelperTest" time="0.004"/>
  <testcase name="shouldAddUserToContextAndClearClientNote" classname="de.kunzit.keycloak.authentication.authenticators.ContextHelperTest" time="0.006"/>
  <testcase name="shouldReportSuccessBasedOnFlowStatus" classname="de.kunzit.keycloak.authentication.authenticators.ContextHelperTest" time="0.003"/>
</testsuite>